19-09-20 23:45:21 [                main] INFO  t.e.s.b.d.DemoServiceTest                          : Starting DemoServiceTest on evan-macbook with PID 8355 (started by evan in /Users/evan/sources/evan/java/evan-springcloud/evan-base/evan-base-domain)
19-09-20 23:45:21 [                main] INFO  t.e.s.b.d.DemoServiceTest                          : No active profile set, falling back to default profiles: default
19-09-20 23:45:21 [                main] INFO  o.e.l.o.m.MybatisUtil                              : Inited SqlSessionFactory,typeAliasesPackage:[org.evan.springcloud.base],mapperLocations:[classpath*:mapper/*Mapper.xml],Mappers:[DemoMapper.xml]
19-09-20 23:45:21 [                main] INFO  c.z.h.HikariDataSource                             : HikariPool-1 - Starting...
19-09-20 23:45:22 [                main] INFO  c.z.h.HikariDataSource                             : HikariPool-1 - Start completed.
19-09-20 23:45:22 [                main] INFO  t.e.s.b.d.DemoServiceTest                          : Started DemoServiceTest in 1.917 seconds (JVM running for 2.774)
19-09-20 23:45:22 [            Thread-2] INFO  c.z.h.HikariDataSource                             : HikariPool-1 - Shutdown initiated...
19-09-20 23:45:22 [            Thread-2] INFO  c.z.h.HikariDataSource                             : HikariPool-1 - Shutdown completed.
19-09-20 23:46:44 [                main] INFO  t.e.s.b.d.DemoServiceTest                          : Starting DemoServiceTest on evan-macbook with PID 8401 (started by evan in /Users/evan/sources/evan/java/evan-springcloud/evan-base/evan-base-domain)
19-09-20 23:46:44 [                main] INFO  t.e.s.b.d.DemoServiceTest                          : No active profile set, falling back to default profiles: default
19-09-20 23:46:45 [                main] INFO  o.e.l.o.m.MybatisUtil                              : Inited SqlSessionFactory,typeAliasesPackage:[org.evan.springcloud.base.**.model],mapperLocations:[classpath*:mapper/*Mapper.xml],Mappers:[DemoMapper.xml]
19-09-20 23:46:45 [                main] INFO  c.z.h.HikariDataSource                             : HikariPool-1 - Starting...
19-09-20 23:46:45 [                main] INFO  c.z.h.HikariDataSource                             : HikariPool-1 - Start completed.
19-09-20 23:46:46 [                main] INFO  t.e.s.b.d.DemoServiceTest                          : Started DemoServiceTest in 1.8 seconds (JVM running for 2.387)
19-09-20 23:46:46 [            Thread-2] INFO  c.z.h.HikariDataSource                             : HikariPool-1 - Shutdown initiated...
19-09-20 23:46:46 [            Thread-2] INFO  c.z.h.HikariDataSource                             : HikariPool-1 - Shutdown completed.
19-09-20 23:46:59 [                main] INFO  t.e.s.b.d.DemoMapperTest                           : Starting DemoMapperTest on evan-macbook with PID 8408 (started by evan in /Users/evan/sources/evan/java/evan-springcloud/evan-base/evan-base-domain)
19-09-20 23:46:59 [                main] INFO  t.e.s.b.d.DemoMapperTest                           : No active profile set, falling back to default profiles: default
19-09-20 23:47:00 [                main] INFO  o.e.l.o.m.MybatisUtil                              : Inited SqlSessionFactory,typeAliasesPackage:[org.evan.springcloud.base.**.model],mapperLocations:[classpath*:mapper/*Mapper.xml],Mappers:[DemoMapper.xml]
19-09-20 23:47:00 [                main] INFO  c.z.h.HikariDataSource                             : HikariPool-1 - Starting...
19-09-20 23:47:00 [                main] INFO  c.z.h.HikariDataSource                             : HikariPool-1 - Start completed.
19-09-20 23:47:01 [                main] INFO  t.e.s.b.d.DemoMapperTest                           : Started DemoMapperTest in 1.799 seconds (JVM running for 2.38)
19-09-20 23:47:01 [                main] INFO  t.e.s.b.d.DemoMapperTest                           : >>>> test testUpdate:Demo{id=4823, gmtCreate=null, gmtModify=null, status=null, fieldDate=null, fieldDatetime=Fri Sep 20 23:47:01 CST 2019, fieldSelect='null', fieldRadio='null', fieldCheckbox='null', fieldNumber=22121212.312121212, fieldText='BBB', fieldProvince='null', fieldCity='null', fieldRegion='null', imagePath='null', imagePathList='null', fieldTextarea='null', fieldHtmleditor='aaa', fieldHtmleditorCut='null'}
19-09-20 23:47:01 [            Thread-2] INFO  c.z.h.HikariDataSource                             : HikariPool-1 - Shutdown initiated...
19-09-20 23:47:01 [            Thread-2] INFO  c.z.h.HikariDataSource                             : HikariPool-1 - Shutdown completed.
19-09-20 23:47:13 [                main] INFO  t.e.s.b.d.DemoMapperTest                           : Starting DemoMapperTest on evan-macbook with PID 8412 (started by evan in /Users/evan/sources/evan/java/evan-springcloud/evan-base/evan-base-domain)
19-09-20 23:47:13 [                main] INFO  t.e.s.b.d.DemoMapperTest                           : No active profile set, falling back to default profiles: default
19-09-20 23:47:13 [                main] INFO  o.e.l.o.m.MybatisUtil                              : Inited SqlSessionFactory,typeAliasesPackage:[org.evan.springcloud.base.**.model],mapperLocations:[classpath*:mapper/*Mapper.xml],Mappers:[DemoMapper.xml]
19-09-20 23:47:13 [                main] INFO  c.z.h.HikariDataSource                             : HikariPool-1 - Starting...
19-09-20 23:47:14 [                main] INFO  c.z.h.HikariDataSource                             : HikariPool-1 - Start completed.
19-09-20 23:47:14 [                main] INFO  t.e.s.b.d.DemoMapperTest                           : Started DemoMapperTest in 2.004 seconds (JVM running for 2.58)
19-09-20 23:47:14 [            Thread-2] INFO  c.z.h.HikariDataSource                             : HikariPool-1 - Shutdown initiated...
19-09-20 23:47:14 [            Thread-2] INFO  c.z.h.HikariDataSource                             : HikariPool-1 - Shutdown completed.
19-09-20 23:48:14 [                main] INFO  t.e.s.b.d.DemoMapperTest                           : Starting DemoMapperTest on evan-macbook with PID 8430 (started by evan in /Users/evan/sources/evan/java/evan-springcloud/evan-base/evan-base-domain)
19-09-20 23:48:14 [                main] INFO  t.e.s.b.d.DemoMapperTest                           : No active profile set, falling back to default profiles: default
19-09-20 23:48:15 [                main] INFO  o.e.l.o.m.MybatisUtil                              : Inited SqlSessionFactory,typeAliasesPackage:[org.evan.springcloud.base.**.model],mapperLocations:[classpath*:mapper/*Mapper.xml],Mappers:[DemoMapper.xml]
19-09-20 23:48:15 [                main] INFO  c.z.h.HikariDataSource                             : HikariPool-1 - Starting...
19-09-20 23:48:15 [                main] INFO  c.z.h.HikariDataSource                             : HikariPool-1 - Start completed.
19-09-20 23:48:15 [                main] INFO  t.e.s.b.d.DemoMapperTest                           : Started DemoMapperTest in 1.931 seconds (JVM running for 2.544)
19-09-20 23:48:15 [            Thread-2] INFO  c.z.h.HikariDataSource                             : HikariPool-1 - Shutdown initiated...
19-09-20 23:48:15 [            Thread-2] INFO  c.z.h.HikariDataSource                             : HikariPool-1 - Shutdown completed.
19-09-20 23:48:54 [                main] INFO  t.e.s.b.d.DemoMapperTest                           : Starting DemoMapperTest on evan-macbook with PID 8442 (started by evan in /Users/evan/sources/evan/java/evan-springcloud/evan-base/evan-base-domain)
19-09-20 23:48:54 [                main] INFO  t.e.s.b.d.DemoMapperTest                           : No active profile set, falling back to default profiles: default
19-09-20 23:48:55 [                main] INFO  o.e.l.o.m.MybatisUtil                              : Inited SqlSessionFactory,typeAliasesPackage:[org.evan.springcloud.base.**.model],mapperLocations:[classpath*:mapper/*Mapper.xml],Mappers:[DemoMapper.xml]
19-09-20 23:48:55 [                main] INFO  c.z.h.HikariDataSource                             : HikariPool-1 - Starting...
19-09-20 23:48:55 [                main] INFO  c.z.h.HikariDataSource                             : HikariPool-1 - Start completed.
19-09-20 23:48:55 [                main] INFO  t.e.s.b.d.DemoMapperTest                           : Started DemoMapperTest in 2.064 seconds (JVM running for 2.665)
19-09-20 23:48:55 [            Thread-2] INFO  c.z.h.HikariDataSource                             : HikariPool-1 - Shutdown initiated...
19-09-20 23:48:55 [            Thread-2] INFO  c.z.h.HikariDataSource                             : HikariPool-1 - Shutdown completed.
19-09-20 23:49:49 [                main] INFO  t.e.s.b.d.DemoMapperTest                           : Starting DemoMapperTest on evan-macbook with PID 8457 (started by evan in /Users/evan/sources/evan/java/evan-springcloud/evan-base/evan-base-domain)
19-09-20 23:49:49 [                main] INFO  t.e.s.b.d.DemoMapperTest                           : No active profile set, falling back to default profiles: default
19-09-20 23:49:50 [                main] INFO  o.e.l.o.m.MybatisUtil                              : Inited SqlSessionFactory,typeAliasesPackage:[org.evan.springcloud.base.**.model],mapperLocations:[classpath*:mapper/*Mapper.xml],Mappers:[DemoMapper.xml]
19-09-20 23:49:50 [                main] INFO  c.z.h.HikariDataSource                             : HikariPool-1 - Starting...
19-09-20 23:49:50 [                main] INFO  c.z.h.HikariDataSource                             : HikariPool-1 - Start completed.
19-09-20 23:49:51 [                main] INFO  t.e.s.b.d.DemoMapperTest                           : Started DemoMapperTest in 1.853 seconds (JVM running for 2.447)
19-09-20 23:49:51 [            Thread-2] INFO  c.z.h.HikariDataSource                             : HikariPool-1 - Shutdown initiated...
19-09-20 23:49:51 [            Thread-2] INFO  c.z.h.HikariDataSource                             : HikariPool-1 - Shutdown completed.
19-09-20 23:50:08 [                main] INFO  t.e.s.b.d.DemoMapperTest                           : Starting DemoMapperTest on evan-macbook with PID 8464 (started by evan in /Users/evan/sources/evan/java/evan-springcloud/evan-base/evan-base-domain)
19-09-20 23:50:08 [                main] INFO  t.e.s.b.d.DemoMapperTest                           : No active profile set, falling back to default profiles: default
19-09-20 23:50:08 [                main] INFO  o.e.l.o.m.MybatisUtil                              : Inited SqlSessionFactory,typeAliasesPackage:[org.evan.springcloud.base.**.model],mapperLocations:[classpath*:mapper/*Mapper.xml],Mappers:[DemoMapper.xml]
19-09-20 23:50:09 [                main] INFO  c.z.h.HikariDataSource                             : HikariPool-1 - Starting...
19-09-20 23:50:09 [                main] INFO  c.z.h.HikariDataSource                             : HikariPool-1 - Start completed.
19-09-20 23:50:09 [                main] INFO  t.e.s.b.d.DemoMapperTest                           : Started DemoMapperTest in 1.767 seconds (JVM running for 2.364)
19-09-20 23:50:09 [            Thread-2] INFO  c.z.h.HikariDataSource                             : HikariPool-1 - Shutdown initiated...
19-09-20 23:50:09 [            Thread-2] INFO  c.z.h.HikariDataSource                             : HikariPool-1 - Shutdown completed.
19-09-20 23:50:23 [                main] INFO  t.e.s.b.d.DemoMapperTest                           : Starting DemoMapperTest on evan-macbook with PID 8469 (started by evan in /Users/evan/sources/evan/java/evan-springcloud/evan-base/evan-base-domain)
19-09-20 23:50:23 [                main] INFO  t.e.s.b.d.DemoMapperTest                           : No active profile set, falling back to default profiles: default
19-09-20 23:50:24 [                main] INFO  o.e.l.o.m.MybatisUtil                              : Inited SqlSessionFactory,typeAliasesPackage:[org.evan.springcloud.base.**.model],mapperLocations:[classpath*:mapper/*Mapper.xml],Mappers:[DemoMapper.xml]
19-09-20 23:50:24 [                main] INFO  c.z.h.HikariDataSource                             : HikariPool-1 - Starting...
19-09-20 23:50:24 [                main] INFO  c.z.h.HikariDataSource                             : HikariPool-1 - Start completed.
19-09-20 23:50:24 [                main] INFO  t.e.s.b.d.DemoMapperTest                           : Started DemoMapperTest in 1.768 seconds (JVM running for 2.401)
19-09-20 23:50:25 [                main] INFO  t.e.s.b.d.DemoMapperTest                           : >>>> testQueryForList:41
19-09-20 23:50:25 [            Thread-2] INFO  c.z.h.HikariDataSource                             : HikariPool-1 - Shutdown initiated...
19-09-20 23:50:25 [            Thread-2] INFO  c.z.h.HikariDataSource                             : HikariPool-1 - Shutdown completed.
